<?xml version="1.0" encoding="UTF-8"?>
<testng-results ignored="0" total="1" passed="1" failed="0" skipped="0">
  <reporter-output>
  </reporter-output>
  <suite started-at="2021-05-15T19:57:53 EDT" name="Default suite" finished-at="2021-05-15T19:58:59 EDT" duration-ms="65935">
    <groups>
    </groups>
    <test started-at="2021-05-15T19:57:53 EDT" name="Default test" finished-at="2021-05-15T19:58:59 EDT" duration-ms="65935">
      <class name="NewTest">
        <test-method signature="canLaunchBrowser()[pri:0, instance:NewTest@1a84f40f]" started-at="2021-05-15T19:57:53 EDT" name="canLaunchBrowser" finished-at="2021-05-15T19:58:59 EDT" duration-ms="65842" status="PASS">
          <reporter-output>
          </reporter-output>
        </test-method> <!-- canLaunchBrowser -->
      </class> <!-- NewTest -->
    </test> <!-- Default test -->
  </suite> <!-- Default suite -->
</testng-results>
